
# >>> 任务开始时间: 2026-01-25 00:09:17

=============== 第一层：主页加载 ===============
[跳转 1] 303 URL: https://crop-disease-recognition-and-control-system-release.streamlit.app/
[跳转 2] 303 URL: https://share.streamlit.io/-/auth/app?redirect_uri=https%3A%2F%2Fcrop-disease-recognition-and-control-system-release.streamlit.app%2F
[跳转 3] 303 URL: https://crop-disease-recognition-and-control-system-release.streamlit.app/-/login?payload=MTc2OTI3MDk1OHxRUnZoNWs5ZWF5U0pDX1JOVk02ZS1Ca3JVblpnZHFnT1FSSDQydlUtNHFYT0VPcDBFaG1zSlV5R21fSWV6c2xSU0lhTzFXNWpsd09hUlRtcGNhb1NRTEpwZkF1aDY2WjF0X3M0Y0ZkbnY5RS1ZQlpkeHlwRnVPamNjYXNfbWlqUWw0blIxOHlCUU51S0pLU2JKV2RnOGdhLWVBcEk3Snl3dmpKTDUyN0VJejhGM1Q2MDh2RENRcjViRUk2SG43QlV0ZzBQVjZYVWI3V0wxVEFYUmJqTWpvVUtiVnZaTkh3dWlpdnJkdktySkw0TUJVTGpxcnpHZjF3bmN5U3RUek1aYmVXZS01ak5FWkRrTVZVQzJBdGpsWlU4aGEzTUJHNWNMWnVFSHhoTlNsY0l2UUxhbVNpbVdzYXpqUXVJdjdJTE9XUzBJTlRPRlZwVGhLaFJYQ29IVFRoRVVYZlliTUdJeFdwSDcyRFFXMjJDTUJ6NmVxSmVQUmlzWkRVSFc5bG5lSVA3RFk0TTFXeEVlLXVudXkwNUNIWDF1UFlQOUFvRV9CZFhhZmsyeHB0eEYyTHRwQWZHLVFiRkd6NWNQdzg2Zlczc0xseHNVakVzYjlLNXpOemhndVBmRGVEcTIxUEYxTEpwNkFLSHZIcktoWEN6dWlUNkFUdDd5ZGFZRW5WZ19ydktFeUVJQl9TeHFuRWN4ODlPUFlUQV9jZWdaY2dmQllBdVVWWFBzZWU4X2xNcUtqM1k2TEdmNVpTMjZDcmVldnZRQ2Y4eVJ1dz18N1n3U4nepyRfcuGLv98VLlaj-sCsMJcsJZzic3lwCOU%3D
[落地] 200 URL: https://crop-disease-recognition-and-control-system-release.streamlit.app/
当前 Session Cookies:
  - proxy-tracking-id: jfkfte2znqf1o0ys5enw2i43csyk4ujn

第二层：静态资源请求 -> https://crop-disease-recognition-and-control-system-release.streamlit.app/favicon.ico | 结果: 200

=============== 第三层：Session 稳固确认 ===============
[落地] 200 URL: https://crop-disease-recognition-and-control-system-release.streamlit.app/
当前 Session Cookies:
  - proxy-tracking-id: jfkfte2znqf1o0ys5enw2i43csyk4ujn
✅ 流程全部完成
--------------------------------------------------


# >>> 任务开始时间: 2026-01-25 01:28:49

=============== 第一层：主页加载 ===============
[跳转 1] 303 URL: https://crop-disease-recognition-and-control-system-release.streamlit.app/
[跳转 2] 303 URL: https://share.streamlit.io/-/auth/app?redirect_uri=https%3A%2F%2Fcrop-disease-recognition-and-control-system-release.streamlit.app%2F
[跳转 3] 303 URL: https://crop-disease-recognition-and-control-system-release.streamlit.app/-/login?payload=MTc2OTI3NTcyOXwyR0Z1WGtnZ2xTUDhhSS13U1FMbjZ5YkpVbm14N2tJZEVWcjRzcEstMnNOXzdSemdoVXpaY2ZOQzdXcGdQR0tsLWtPSmxsN212a0x0NVBZV3RDVUh6UUdKUEw1YXBYSUFNaXhIRDR3R0tfLXlaMHpjM0lFOUMyMkFEWDZJdWVlZFpjbjV5azFOckUya3JNb3plMDBaUHE0NmJBZ29BLXBicjlLa00wZVhhUlB5V1d5REcxa255VVlidHRSUFZjMnFmZDQyeEUtVGU1SVU1T0dCeUIyd3NUUmMxNWVXd0Q2eE0zQWI0Q3VSMDh4ak1tRWJIeHgtN2tmLTRZUVdqbmt5QVUtdXYxUG5aMFRhVXR3aURLWEhJU3dIWjIweXJYLWZhVDhnNTJ1UFdFLWU2RWRBNXlpeVZYa0FxNjRFMHhERm9RMWFwbmZSQTliTWtLTDdERlV0VW1faXRpTHVrYVRCOTh2MzdYZ0huOGJPeDFrM2ZZR0FmYW03VEQzUE9QN0NOejIybDgyRm0wSlBLSDRaanFKT21wdWFYWEZVb0RxYll3amYzbU1zTnlzNDhjMFdxb1FWcW5wMC1vZE5jc0ZCbXZ2dXV5WnEyRUQ3SUp3dl8xdW5scXlrWjV6VmZneGtXWV80Wk9nZmg0VVJyTE1GN2dqNjlHQTZlbEJUX3BQRXYyZk9vU2cxck55bk80ZlBpRF9URWlhUG5UT3NRcHVDTWJVRjJsV0tjVTloYktodXEtdjFUdExLUkJyUkdLOXVxMm1tMHhKUlNUbz18c8QC7cQkE0T9liq_5zHZnAITUgTEJSgP4nvSSViCijc%3D
[落地] 200 URL: https://crop-disease-recognition-and-control-system-release.streamlit.app/
当前 Session Cookies:
  - proxy-tracking-id: b7agm5pypfrsily289rmgoqfxeslntzi

第二层：静态资源请求 -> https://crop-disease-recognition-and-control-system-release.streamlit.app/favicon.ico | 结果: 200

=============== 第三层：Session 稳固确认 ===============
[落地] 200 URL: https://crop-disease-recognition-and-control-system-release.streamlit.app/
当前 Session Cookies:
  - proxy-tracking-id: b7agm5pypfrsily289rmgoqfxeslntzi
✅ 流程全部完成
--------------------------------------------------


# >>> 任务开始时间: 2026-01-25 01:40:25

=============== 第一层：主页加载 ===============
[跳转 1] 303 URL: https://crop-disease-recognition-and-control-system-release.streamlit.app/
[跳转 2] 303 URL: https://share.streamlit.io/-/auth/app?redirect_uri=https%3A%2F%2Fcrop-disease-recognition-and-control-system-release.streamlit.app%2F
[跳转 3] 303 URL: https://crop-disease-recognition-and-control-system-release.streamlit.app/-/login?payload=MTc2OTI3NjQyNXxvOEswSldzNUJCX1p2aE92czk4WnJkTW0zNUZGQmwwRnN0VW5DcnBOODQ5NmRWaTF1ekJ4bG9RSG5nNkFJeVRFTnNhVnJYT1BwRklhWDhEMmVSSE5CQ1ZSUXZuTEd3aXBadUZEN0RuT0hfSm5pWGtxRnJQQUNfZU5COEF1MGhUUzhVdklacURwQ1pzSGVPOS1CQXd5NXh4MzRfMmQ0dHhQS2UyaVE4U2tMZk1zWk9OaDZmS1djTmNkNDh6WnZpdVEwTFdLdVJBb2FjMDhTZ2JoYXg0Q21rNFpEYWhaa21wRXRibG5RZG5Tb0ZDZWtzX2p3VmJGcGlNdkJkUVJHRDItWThsRVA3MnhDMTB0LWdic1MtOVlqY1NQZ1VPX1FjRUhZdm56dW5Sek4xck91Si1UMUJqdmpFVVlHUm84NmdQdGt0d0N2UjMwTEhOVHAtZjljWEdqblNCcHdvcWlpSWVYOXNkSlJpSUw2bFRrVEVqdEZtMDlHNGtjYmNIS3pfd2h3aEgzUWU2MWNSR1pVSlBZMWdQTTA4ZDVHYWNaTjJqX1huRE1yZTdOWVJGUGFHSEpPeFZRUjUyNXNXWlJYdGxTNmg3ZkJ2T2xSMlZwQTVROVQwbTFtUGVZRkxmSjFYR0U5Qlg1WWVUQVJvMkEtZ3d4NEphNTZ6dTFfS3Q4WWh2MUM1UUFfYjZ0MktkYTdCV0JVYmlJVmI0VFYzejVSRDBGQnBPOUdqR3RXcmEzWmRuRlJySXdVaGdvdTF3OVhjOVlIN0Z4S3E5UHVvWT18rnIBLeByJTuFuqvCM8ODnGl8p-ozsQ74oBw-tY6u7Ww%3D
[落地] 200 URL: https://crop-disease-recognition-and-control-system-release.streamlit.app/
当前 Session Cookies:
  - proxy-tracking-id: 12tar7mgjg6nymxr1edadmhnxind1te5

第二层：静态资源请求 -> https://crop-disease-recognition-and-control-system-release.streamlit.app/favicon.ico | 结果: 200

=============== 第三层：Session 稳固确认 ===============
[落地] 200 URL: https://crop-disease-recognition-and-control-system-release.streamlit.app/
当前 Session Cookies:
  - proxy-tracking-id: 12tar7mgjg6nymxr1edadmhnxind1te5
✅ 流程全部完成
--------------------------------------------------


# >>> 任务开始时间: 2026-01-25 10:57:54

=============== 第一层：主页加载 ===============
[跳转 1] 303 URL: https://crop-disease-recognition-and-control-system-release.streamlit.app/
[跳转 2] 303 URL: https://share.streamlit.io/-/auth/app?redirect_uri=https%3A%2F%2Fcrop-disease-recognition-and-control-system-release.streamlit.app%2F
[跳转 3] 303 URL: https://crop-disease-recognition-and-control-system-release.streamlit.app/-/login?payload=MTc2OTMwOTg3NHw1d1lOcE5ETElPNzF3bmR4bFE3SUlBQXdET2hYZDlRbWZ4b3RFUVkyTkN5YzVscXFZOVZpakplNzhja3lzNDNWUTlrcmh1V1hlUGxBdTNRNEtHVFAxZERqZ29HNFJFQ2pMZGxLc3ZjaDc5NEoxcXk4aF9wUDVET09vYklhV2RYRnJ5amh5bEprSG5QRmhKQk5CaEZPay11Z3ZkdU5GRjBuX2xrb3M1bk9fVG9ZWnZYaVF6WmFVOFdCWVc3VzQtVFc1NDAzSlBfcVJWS0tITzBZWmd2eGt3bllONHdlY0xYM0hSZlpxLUxRU0l4QlNlSFV4UExrU0hnd2NtRXJ3V3pQd0txb0trNlVmUVBhV3EwSWZJc0FBNllxZFN4dHlCYVl6eE10MTdMaGxfcFh6QjE1WWVVN3lMbnB4ZzhtalFkYUtlQS1fdnczNy1mOTZqd0JnSFZhWlBfSlBBYUR5Z0dyZzlPUGNsZTNrMVAwdUhpcmlqSy1YcWxuVjBnalJWV3NuRGVFVXJVZjdTa3VUM29icW94c3ZMbnc1NDBwZW5ZT3FJRy1HYi1pS29QMDZjX3dnNy1ycGFJcjd1NmtiNGJmQTdKMGpSaWIzN1Z0Sll5dTl5QVRyMUJSNFpOZS1MTm9TbUx3dU1VcmJFamRRd2c1emtERl9zOHQ2Tmo5V1lfZExMQVRiZU5DclFLdmhrWVRmMWhVQUwxNC1oanFnZlFieXV2N1JtSVRtMGVMcEE3YWNLUkhsRkwxeGVSQS1JekZ2RGlwU3hnbG9YWT18Oyi5xy31bu-Xqrvdc7-1yigwmoR3HpWB5kBywoN1oR0%3D
[落地] 200 URL: https://crop-disease-recognition-and-control-system-release.streamlit.app/
当前 Session Cookies:
  - proxy-tracking-id: 6ey2dxcrykgidhhmym6bggfdowjr3h0n

第二层：静态资源请求 -> https://crop-disease-recognition-and-control-system-release.streamlit.app/favicon.ico | 结果: 200

=============== 第三层：Session 稳固确认 ===============
[落地] 200 URL: https://crop-disease-recognition-and-control-system-release.streamlit.app/
当前 Session Cookies:
  - proxy-tracking-id: 6ey2dxcrykgidhhmym6bggfdowjr3h0n
✅ 流程全部完成
--------------------------------------------------

